
作者：禅与计算机程序设计艺术                    

# 1.简介
  

在数据量爆炸的今天，对内存的需求也日渐增长。如何有效地管理数据库中的数据并降低内存占用成为一个重要的课题。PostgreSQL提供丰富的数据处理功能，其中包括索引、聚合等。本文将从介绍PostgreSQL中索引及其用法开始，然后介绍相关概念，再通过分析和示例说明PostgreSQL的聚合功能的原理及使用方法。最后还会结合实际应用场景和案例对索引、聚合及其优化进行总结。
# 2.背景介绍
由于关系型数据库的快速发展，导致数据库所承载数据的规模越来越庞大。而对于内存资源的限制也越来越严苛，因此，如何高效地使用内存提升数据库的性能，是非常重要的事情。为此，数据库系统一般都提供了索引和聚合功能。

索引是一个指向数据表中一个或多个列的值的指针，用于加快搜索、排序和组合查询的速度。索引可以帮助数据库系统更快地找到需要的数据行，从而实现数据的检索，减少查询的时间。索引可以分为主键索引、唯一索引和普通索引三种类型。每张表只能创建一个主键索引，但是可以创建多个唯一索引和普通索引。主键索引保证数据的唯一性和完整性，唯一索引也是一种索引，但是不允许有重复值；而普通索引允许存在重复值的索引。

聚合（aggregate）是指根据某些条件对数据集进行统计计算，返回计算结果的一个函数。PostgreSQL支持多种类型的聚合函数，包括COUNT、SUM、AVG、MAX、MIN等。聚合可以帮助用户方便地获取数据统计信息，并且可以在查询时避免全表扫描，提高查询效率。

为了提高数据库性能，通常建议创建索引和聚合，以下将详细介绍如何使用它们来优化内存。
# 3.基本概念术语说明
## 3.1.B-tree Index
B-tree是一种自平衡的二叉查找树。它由一个根节点、多个中间层次、以及指向外部存储空间的指针构成。每个结点至多可有两个孩子结点，左孩子小于右孩子，中间层次上则按照一定顺序排列。B-tree具有高度平衡的特征，使得任何查找、插入、删除操作都可以在最坏情况下保持 O(log n) 的时间复杂度。

B-tree索引结构：


其中，各项代表如下：

1. p 是指结点的平衡因子，等于左子树的高度与右子树的高度之差。
2. n 是指结点内关键字的个数。
3. k 是指关键字的长度。
4. m 是指最小度数。
5. x 是指结点的关键字数组。
6. c[i] 是指第 i 个子女结点的指针。如果 c[i] 为 NULL 表示没有第 i 个孩子。
7. R 是指根结点的指针。

## 3.2.Hash Index
散列索引是一种索引结构，它的主要思想是利用哈希函数将记录的某个字段或几组字段映射到一个固定大小的空间，并把这个空间看作索引表。这样就可以快速定位到该记录对应的磁盘地址。

## 3.3.PostgreSQL Internals
PostgreSQL内部主要由以下几个模块构成：

1. 连接管理器（connection manager）：负责建立和维护与客户端的连接。
2. 查询解析器（parser）：负责解析SQL命令，生成相应的执行计划。
3. 估算器（planner）：负责生成SQL执行计划。
4. 执行器（executor）：负责执行生成的SQL执行计划。
5. 统计信息收集器（statistics collector）：负责收集并维护关于数据库的各种统计信息，例如索引用量、查询模式等。
6. WAL（write ahead log）：WAL用来确保事务的持久化，当发生系统崩溃或者其他错误时，可以通过WALG恢复数据。
7. 后台进程（background process）：包括自动vacuum worker、bgwriter、checkpointer等。

PostgreSQL的架构图如下所示：


其中，各项代表如下：

1. QD（Query Dispatcher）：接收客户端的连接请求，管理多个QE进程。
2. QE（Query Executor）：在内存中运行SQL语句。
3. Backend Process：后台进程包括autovacuum worker、bgwriter、checkpointer等。
4. Shared Buffer Pool：缓存了主存中已经读取到的页面。
5. Disk Page Cache：缓存了磁盘上的页。
6. WAL（Write Ahead Log）：事务日志。
7. Checkpointing：定期将缓冲池中脏页写入磁盘，防止数据库损坏。

# 4.核心算法原理和具体操作步骤以及数学公式讲解
## 4.1.Index Selection Strategy and Cost Estimation
索引选择策略：PostgreSQL基于不同条件对索引进行评价，选择出一个最优的索引。例如，最常用的索引是聚集索引或复合索引，可以降低查询时的IO次数。

索引选择的代价估计：索引的建立需要考虑的因素很多，例如，索引键的选择，索引的密度，索引的大小等。PostgreSQL采用成本模型进行索引选择，即索引的开销与索引使用的频率成正比。

成本模型定义：假设索引K被用于检索一个表T中满足条件C的记录数为N。那么索引K的开销cost(K)=aN+bN^(c)，a、b、c为参数，其中a、b、c取决于索引的性质，例如，当K为聚集索引时，a=1，b=log(N)，c=1；当K为其它类型索引时，a为一个较大的系数，b、c取决于索引选择的准则。

成本估计公式：cost = a * N + b * sqrt(N) / (p + 1), where:

* cost(K) 是索引K的开销。
* N 是满足条件C的表T的记录数。
* a、b、c 为参数，a=1.1，b=(log(N)^2) / (p^2 + 1)，p 是K的密度。

## 4.2.Index Creation Methods
PostgreSQL提供了两种索引创建方式，一种是EXPLAIN ANALYZE方法，另一种是CREATE INDEX方法。

### EXPLAIN ANALYZE 方法
EXPLAIN ANALYZE方法是最简单的方法，仅仅使用EXPLAIN命令即可看到PostgreSQL如何使用索引，同时进行索引选择，但由于是在运行过程中，因此不适合生产环境使用。

EXPLAIN ANALYZE的语法格式为：

```sql
EXPLAIN ANALYZE SELECT... FROM table_name WHERE condition;
```

下面例子展示如何使用EXPLAIN ANALYZE进行索引选择：

```sql
EXPLAIN ANALYZE SELECT id FROM test WHERE value > 10 ORDER BY id LIMIT 10;
```

索引选择过程如下所示：

```
                                  QUERY PLAN                                  
-----------------------------------------------------------------------------------
 Limit  (cost=0.42..11.26 rows=10 width=4)
   ->  Sort  (cost=0.42..10.77 rows=10 width=4)
         Sort Key: id
         ->  Seq Scan on test  (cost=0.00..8.43 rows=33 width=4)
               Filter: (value > 10::integer)
Execution Time: 0.057 ms
```

这里可以看到PostgreSQL选择了Seq Scan，而未选择索引。可以使用EXPLAIN重新执行查询，查看是否能够使用索引：

```sql
EXPLAIN SELECT id FROM test WHERE value > 10 ORDER BY id LIMIT 10;
```

修改后的查询计划如下所示：

```
                                  QUERY PLAN                               
-------------------------------------------------------------------------------
 Limit  (cost=0.42..4.78 rows=10 width=4)
   ->  Index Scan using test_pkey on test  (cost=0.42..8.43 rows=10 width=4)
         Index Cond: (id >= 11 AND id <= 20)
         Filter: (value > '10'::integer)
         Sort Key: id DESC
(6 rows)
```

可以看到查询计划中使用到了索引test_pkey，并且使用了范围条件id>=11 AND id<=20。这是因为之前对WHERE条件value>10进行了分析，确定此查询使用索引时应满足的条件，因此在SELECT前添加索引后执行。

### CREATE INDEX 方法
创建索引的方法是使用CREATE INDEX命令，在PostgreSQL中，创建索引涉及到以下几个方面：

1. 指定索引名称。
2. 指定索引列。
3. 选择索引类型。
4. 设置索引属性。

CREATE INDEX命令的语法格式为：

```sql
CREATE [ UNIQUE ] INDEX index_name ON table_name USING method_name 
    ( column_name | ( expression ) ) [ ASC | DESC ] [ NULLS { FIRST | LAST } ];
```

下面以创建唯一索引为例，演示如何使用CREATE INDEX命令创建索引：

```sql
CREATE UNIQUE INDEX unique_idx ON test (value);
```

创建索引后，就可以使用explain命令查看查询计划。如果当前系统中存在着其他索引，explain命令会自动选择最优的索引。

## 4.3.Aggregate Function
聚合函数是对一组值进行聚合计算的函数。PostgreSQL支持多种类型的聚合函数，包括COUNT、SUM、AVG、MAX、MIN等。

PostgreSQL的聚合操作基于索引的特性，具体操作步骤如下：

1. 如果聚合列已经建立索引，那么就不需要再建立新的索引；否则，在聚合列上建立索引。
2. 在where条件中，将索引列作为条件，过滤掉无关的记录，从而减少扫描的数据量。
3. 使用group by语句对聚合列进行分组。
4. 对分组后的数据集进行聚合计算。

下面举个例子说明聚合操作的流程：

```sql
CREATE TABLE testagg (
    id integer PRIMARY KEY,
    col1 text NOT NULL,
    col2 numeric NOT NULL
);

INSERT INTO testagg VALUES
  (1, 'aaa', 10),
  (2, 'bbb', 20),
  (3, 'ccc', 15),
  (4, 'ddd', 30),
  (5, 'eee', 25);
  
CREATE UNIQUE INDEX idx_col1 ON testagg (col1);
```

假设要计算col2平均值，需要用到AVG()函数。

```sql
SELECT AVG(col2) AS avg_col2 
FROM testagg;
```

查询计划如下：

```
Limit  (cost=1.34..1.62 rows=1 width=4)
  ->  Aggregate  (cost=1.34..1.62 rows=1 width=4)
        ->  Table Scan on testagg  (cost=0.00..1.25 rows=5 width=12)
              Filter: ((col2 IS NOT NULL))
```

可以看到PostgreSQL并未选择聚合函数所在的列作为索引，所以需要在聚合函数所在的列上建立索引。

```sql
CREATE INDEX idx_col2 ON testagg (col2);
```

再次查询时，explain命令就会选择新建立的索引作为聚合函数的访问路径。

```
Limit  (cost=1.34..1.62 rows=1 width=4)
  ->  Aggregate  (cost=1.34..1.62 rows=1 width=4)
        ->  Index Only Scan using idx_col2 on testagg  (cost=0.42..1.25 rows=5 width=12)
              Index Cond: ((col2 IS NOT NULL))
              Heap Fetches: 0
```

这一次，PostgreSQL会选择聚合函数所在的列作为索引，并且只读heap表。也就是说，聚合函数会直接在索引中查找数据，不会产生额外的IO操作。