                 

# 1.背景介绍

数据库性能调优是一项至关重要的技术，它可以帮助我们提高数据库的性能，从而提高系统的整体性能。在实际应用中，我们经常会遇到一些性能瓶颈，这时候就需要使用EXPLAIN和EXPLAIN ANALYZE来分析和优化查询性能。

EXPLAIN和EXPLAIN ANALYZE是PostgreSQL数据库中的两个非常有用的工具，它们可以帮助我们分析查询计划，找出性能瓶颈，并提供一些优化建议。在本文中，我们将深入了解EXPLAIN和EXPLAIN ANALYZE的工作原理，学习如何使用它们来优化查询性能。

# 2.核心概念与联系

## 2.1 EXPLAIN
EXPLAIN是一个用于分析查询计划的工具，它可以帮助我们了解查询是如何执行的，以及哪些部分可能导致性能问题。EXPLAIN命令会生成一个查询计划，显示每个操作所需的时间和资源，从而帮助我们找出性能瓶颈。

## 2.2 EXPLAIN ANALYZE
EXPLAIN ANALYZE是一个扩展的EXPLAIN命令，它不仅会生成查询计划，还会估计查询的实际执行时间。EXPLAIN ANALYZE命令会执行查询，并计算出查询的总时间，从而帮助我们更好地了解查询性能。

# 3.核心算法原理和具体操作步骤以及数学模型公式详细讲解

## 3.1 EXPLAIN的工作原理
EXPLAIN命令会生成一个查询计划，显示每个操作所需的时间和资源。EXPLAIN命令会分析查询语句，并生成一个树状图，显示查询的执行顺序和每个操作的类型。

EXPLAIN命令的基本语法如下：
```
EXPLAIN [(cost=XXX, rows=YYY, width=ZZZ)] SELECT ...;
```
其中，cost表示查询的成本，rows表示查询返回的行数，width表示每行的宽度。

## 3.2 EXPLAIN ANALYZE的工作原理
EXPLAIN ANALYZE命令会生成查询计划，并估计查询的实际执行时间。EXPLAIN ANALYZE命令会执行查询，并计算出查询的总时间，从而帮助我们更好地了解查询性能。

EXPLAIN ANALYZE命令的基本语法如下：
```
EXPLAIN ANALYZE [(cost=XXX, rows=YYY, width=ZZZ)] SELECT ...;
```
其中，cost表示查询的成本，rows表示查询返回的行数，width表示每行的宽度。

# 4.具体代码实例和详细解释说明

## 4.1 EXPLAIN示例
假设我们有一个简单的查询语句：
```
SELECT * FROM users WHERE age > 30;
```
我们可以使用EXPLAIN命令来分析查询计划：
```
EXPLAIN SELECT * FROM users WHERE age > 30;
```
输出结果如下：
```
                                          QUERY PLAN
----------------------------------------------------------------------------------------------------------------------
 Seq Scan on users  (cost=0.00..10.00 rows=1 width=104)
   Filter: (age > 30)
```
从输出结果中我们可以看到，查询计划包括一个Seq Scan操作，它会扫描users表，并应用一个Filter条件来筛选age大于30的记录。Seq Scan操作的成本为0.00到10.00之间，rows为1，width为104。

## 4.2 EXPLAIN ANALYZE示例
假设我们有一个更复杂的查询语句：
```
SELECT * FROM orders JOIN users ON orders.user_id = users.id WHERE users.age > 30;
```
我们可以使用EXPLAIN ANALYZE命令来分析查询计划和估计查询的实际执行时间：
```
EXPLAIN ANALYZE SELECT * FROM orders JOIN users ON orders.user_id = users.id WHERE users.age > 30;
```
输出结果如下：
```
                                                          QUERY PLAN
------------------------------------------------------------------------------------------------------------------------------------------------
 Hash Join  (cost=21.57..43.57 rows=10 width=316)
   ->  Seq Scan on users  (cost=0.00..21.57 rows=10 width=104)
   ->  Hash  (cost=10.00..20.00 rows=10 width=108)
         ->  Seq Scan on orders  (cost=0.00..10.00 rows=10 width=108)
         Filter: (user_id = users.id)
```
从输出结果中我们可以看到，查询计划包括一个Hash Join操作，它会将users表和orders表进行连接，并应用一个Filter条件来筛选age大于30的记录。Hash Join操作的成本为21.57到43.57之间，rows为10，width为316。

# 5.未来发展趋势与挑战

随着数据量的不断增长，数据库性能调优的重要性也在不断提高。未来，我们可以预见以下几个方面的发展趋势和挑战：

1. 随着数据库系统的发展，新的调优技术和方法会不断出现，我们需要不断学习和掌握，以便更好地优化查询性能。

2. 随着大数据技术的发展，我们需要面对更大的数据量和更复杂的查询，这将对数据库性能调优带来更大的挑战。

3. 随着人工智能和机器学习技术的发展，我们可以预见这些技术将被应用到数据库性能调优中，以自动化和智能化的方式提高查询性能。

# 6.附录常见问题与解答

Q：EXPLAIN和EXPLAIN ANALYZE有什么区别？

A：EXPLAIN命令会生成一个查询计划，显示每个操作所需的时间和资源，而EXPLAIN ANALYZE命令会生成查询计划并估计查询的实际执行时间。

Q：如何优化查询性能？

A：优化查询性能的方法有很多，包括但不限于使用索引、优化查询语句、调整数据库参数等。在使用EXPLAIN和EXPLAIN ANALYZE时，我们可以分析查询计划，找出性能瓶颈，并采取相应的优化措施。

Q：EXPLAIN和EXPLAIN ANALYZE有哪些限制？

A：EXPLAIN和EXPLAIN ANALYZE命令的主要限制是它们只能用于分析和优化查询性能，而不能直接修改数据库结构或参数。此外，EXPLAIN和EXPLAIN ANALYZE的结果可能会受到数据库版本、配置和其他因素的影响，因此在实际应用中需要谨慎解释。